\BOOKMARK [0][-]{chapter*.1}{\376\377\000A\000b\000s\000t\000r\000a\000c\000t}{}% 1
\BOOKMARK [0][-]{chapter.1}{\376\377\000T\000e\000o\000r\000i\000a\000\040\000d\000e\000i\000\040\000C\000o\000m\000p\000u\000t\000e\000r\000\040\000Q\000u\000a\000n\000t\000i\000s\000t\000i\000c\000i}{}% 2
\BOOKMARK [1][-]{section.1.1}{\376\377\000I\000n\000t\000r\000o\000d\000u\000z\000i\000o\000n\000e\000\040\000a\000l\000\040\000P\000a\000r\000a\000d\000i\000g\000m\000a\000\040\000Q\000u\000a\000n\000t\000i\000s\000t\000i\000c\000o}{chapter.1}% 3
\BOOKMARK [1][-]{section.1.2}{\376\377\000F\000o\000n\000d\000a\000m\000e\000n\000t\000i\000\040\000T\000e\000o\000r\000i\000c\000i\000\040\000d\000e\000l\000l\000a\000\040\000C\000o\000m\000p\000u\000t\000a\000z\000i\000o\000n\000e\000\040\000Q\000u\000a\000n\000t\000i\000s\000t\000i\000c\000a}{chapter.1}% 4
\BOOKMARK [2][-]{subsection.1.2.1}{\376\377\000I\000l\000\040\000Q\000u\000b\000i\000t\000\040\000e\000\040\000l\000a\000\040\000S\000o\000v\000r\000a\000p\000p\000o\000s\000i\000z\000i\000o\000n\000e\000\040\000Q\000u\000a\000n\000t\000i\000s\000t\000i\000c\000a}{section.1.2}% 5
\BOOKMARK [2][-]{subsection.1.2.2}{\376\377\000L\000'\000E\000n\000t\000a\000n\000g\000l\000e\000m\000e\000n\000t\000\040\000Q\000u\000a\000n\000t\000i\000s\000t\000i\000c\000o}{section.1.2}% 6
\BOOKMARK [2][-]{subsection.1.2.3}{\376\377\000L\000e\000\040\000P\000o\000r\000t\000e\000\040\000L\000o\000g\000i\000c\000h\000e\000\040\000Q\000u\000a\000n\000t\000i\000s\000t\000i\000c\000h\000e}{section.1.2}% 7
\BOOKMARK [1][-]{section.1.3}{\376\377\000V\000a\000n\000t\000a\000g\000g\000i\000\040\000d\000e\000i\000\040\000C\000o\000m\000p\000u\000t\000e\000r\000\040\000Q\000u\000a\000n\000t\000i\000s\000t\000i\000c\000i}{chapter.1}% 8
\BOOKMARK [1][-]{section.1.4}{\376\377\000L\000i\000m\000i\000t\000i\000\040\000e\000\040\000S\000f\000i\000d\000e\000\040\000d\000e\000i\000\040\000C\000o\000m\000p\000u\000t\000e\000r\000\040\000Q\000u\000a\000n\000t\000i\000s\000t\000i\000c\000i}{chapter.1}% 9
\BOOKMARK [1][-]{section.1.5}{\376\377\000C\000o\000n\000f\000r\000o\000n\000t\000o\000\040\000S\000i\000s\000t\000e\000m\000i\000c\000o\000:\000\040\000C\000l\000a\000s\000s\000i\000c\000o\000\040\000v\000s\000.\000\040\000Q\000u\000a\000n\000t\000i\000s\000t\000i\000c\000o}{chapter.1}% 10
\BOOKMARK [1][-]{section.1.6}{\376\377\000S\000t\000a\000t\000o\000\040\000d\000e\000l\000l\000'\000A\000r\000t\000e\000\040\000e\000\040\000P\000r\000o\000s\000p\000e\000t\000t\000i\000v\000e\000\040\000F\000u\000t\000u\000r\000e}{chapter.1}% 11
\BOOKMARK [1][-]{section.1.7}{\376\377\000C\000o\000n\000c\000l\000u\000s\000i\000o\000n\000i\000\040\000d\000e\000l\000\040\000C\000a\000p\000i\000t\000o\000l\000o}{chapter.1}% 12
\BOOKMARK [0][-]{chapter.2}{\376\377\000I\000m\000p\000l\000e\000m\000e\000n\000t\000a\000z\000i\000o\000n\000i\000\040\000F\000i\000s\000i\000c\000h\000e\000\040\000D\000i\000f\000f\000e\000r\000e\000n\000t\000i\000\040\000e\000\040\000P\000C\000\040\000Q\000u\000a\000n\000t\000i\000s\000t\000i\000c\000i\000\040\000n\000e\000l\000\040\000D\000i\000a\000m\000a\000n\000t\000e}{}% 13
\BOOKMARK [1][-]{section.2.1}{\376\377\000I\000n\000t\000r\000o\000d\000u\000z\000i\000o\000n\000e\000\040\000a\000l\000l\000e\000\040\000P\000i\000a\000t\000t\000a\000f\000o\000r\000m\000e\000\040\000H\000a\000r\000d\000w\000a\000r\000e}{chapter.2}% 14
\BOOKMARK [1][-]{section.2.2}{\376\377\000Q\000u\000b\000i\000t\000\040\000S\000u\000p\000e\000r\000c\000o\000n\000d\000u\000t\000t\000o\000r\000i}{chapter.2}% 15
\BOOKMARK [2][-]{subsection.2.2.1}{\376\377\000P\000r\000i\000n\000c\000i\000p\000i\000o\000\040\000f\000i\000s\000i\000c\000o}{section.2.2}% 16
\BOOKMARK [2][-]{subsection.2.2.2}{\376\377\000A\000r\000c\000h\000i\000t\000e\000t\000t\000u\000r\000e\000\040\000e\000\040\000s\000t\000a\000t\000o\000\040\000d\000e\000l\000l\000'\000a\000r\000t\000e}{section.2.2}% 17
\BOOKMARK [1][-]{section.2.3}{\376\377\000T\000r\000a\000p\000p\000o\000l\000e\000\040\000I\000o\000n\000i\000c\000h\000e}{chapter.2}% 18
\BOOKMARK [2][-]{subsection.2.3.1}{\376\377\000P\000r\000i\000n\000c\000i\000p\000i\000o\000\040\000f\000i\000s\000i\000c\000o}{section.2.3}% 19
\BOOKMARK [2][-]{subsection.2.3.2}{\376\377\000P\000r\000e\000s\000t\000a\000z\000i\000o\000n\000i\000\040\000e\000\040\000l\000i\000m\000i\000t\000a\000z\000i\000o\000n\000i}{section.2.3}% 20
\BOOKMARK [1][-]{section.2.4}{\376\377\000Q\000u\000b\000i\000t\000\040\000F\000o\000t\000o\000n\000i\000c\000i}{chapter.2}% 21
\BOOKMARK [1][-]{section.2.5}{\376\377\000Q\000u\000b\000i\000t\000\040\000T\000o\000p\000o\000l\000o\000g\000i\000c\000i}{chapter.2}% 22
\BOOKMARK [1][-]{section.2.6}{\376\377\000C\000e\000n\000t\000r\000i\000\040\000N\000V\000\040\000n\000e\000l\000\040\000D\000i\000a\000m\000a\000n\000t\000e}{chapter.2}% 23
\BOOKMARK [2][-]{subsection.2.6.1}{\376\377\000S\000t\000r\000u\000t\000t\000u\000r\000a\000\040\000e\000\040\000p\000r\000o\000p\000r\000i\000e\000t\000\340\000\040\000d\000e\000l\000\040\000c\000e\000n\000t\000r\000o\000\040\000N\000V}{section.2.6}% 24
\BOOKMARK [2][-]{subsection.2.6.2}{\376\377\000C\000o\000d\000i\000f\000i\000c\000a\000\040\000d\000e\000l\000\040\000q\000u\000b\000i\000t\000\040\000e\000\040\000s\000t\000r\000u\000t\000t\000u\000r\000a\000\040\000d\000e\000i\000\040\000l\000i\000v\000e\000l\000l\000i}{section.2.6}% 25
\BOOKMARK [2][-]{subsection.2.6.3}{\376\377\000I\000n\000i\000z\000i\000a\000l\000i\000z\000z\000a\000z\000i\000o\000n\000e\000,\000\040\000c\000o\000n\000t\000r\000o\000l\000l\000o\000\040\000e\000\040\000l\000e\000t\000t\000u\000r\000a\000\040\000o\000t\000t\000i\000c\000a}{section.2.6}% 26
\BOOKMARK [2][-]{subsection.2.6.4}{\376\377\000T\000e\000m\000p\000i\000\040\000d\000i\000\040\000c\000o\000e\000r\000e\000n\000z\000a\000\040\000e\000\040\000v\000a\000n\000t\000a\000g\000g\000i\000\040\000o\000p\000e\000r\000a\000t\000i\000v\000i}{section.2.6}% 27
\BOOKMARK [2][-]{subsection.2.6.5}{\376\377\000I\000n\000t\000e\000g\000r\000a\000z\000i\000o\000n\000e\000\040\000c\000r\000y\000o\000-\000C\000M\000O\000S\000:\000\040\000v\000e\000r\000s\000o\000\040\000l\000a\000\040\000s\000c\000a\000l\000a\000b\000i\000l\000i\000t\000\340}{section.2.6}% 28
\BOOKMARK [2][-]{subsection.2.6.6}{\376\377\000Q\000u\000b\000i\000t\000\040\000m\000u\000l\000t\000i\000p\000l\000i\000\040\000e\000\040\000g\000a\000t\000e\000\040\000e\000n\000t\000a\000n\000g\000l\000i\000n\000g\000\040\000n\000e\000l\000\040\000d\000i\000a\000m\000a\000n\000t\000e}{section.2.6}% 29
\BOOKMARK [1][-]{section.2.7}{\376\377\000A\000p\000p\000l\000i\000c\000a\000z\000i\000o\000n\000i\000\040\000d\000e\000l\000\040\000D\000i\000a\000m\000a\000n\000t\000e\000\040\000Q\000u\000a\000n\000t\000i\000s\000t\000i\000c\000o}{chapter.2}% 30
\BOOKMARK [1][-]{section.2.8}{\376\377\000C\000o\000n\000f\000r\000o\000n\000t\000o\000\040\000S\000i\000s\000t\000e\000m\000a\000t\000i\000c\000o\000\040\000d\000e\000l\000l\000e\000\040\000T\000e\000c\000n\000o\000l\000o\000g\000i\000e}{chapter.2}% 31
\BOOKMARK [1][-]{section.2.9}{\376\377\000C\000o\000n\000c\000l\000u\000s\000i\000o\000n\000i\000\040\000d\000e\000l\000\040\000C\000a\000p\000i\000t\000o\000l\000o}{chapter.2}% 32
\BOOKMARK [0][-]{chapter*.6}{\376\377\000R\000i\000n\000g\000r\000a\000z\000i\000a\000m\000e\000n\000t\000i}{}% 33
